running egg_info
writing ../../build/ethiopia_travel/ethiopia_travel.egg-info/PKG-INFO
writing dependency_links to ../../build/ethiopia_travel/ethiopia_travel.egg-info/dependency_links.txt
writing entry points to ../../build/ethiopia_travel/ethiopia_travel.egg-info/entry_points.txt
writing requirements to ../../build/ethiopia_travel/ethiopia_travel.egg-info/requires.txt
writing top-level names to ../../build/ethiopia_travel/ethiopia_travel.egg-info/top_level.txt
reading manifest file '../../build/ethiopia_travel/ethiopia_travel.egg-info/SOURCES.txt'
writing manifest file '../../build/ethiopia_travel/ethiopia_travel.egg-info/SOURCES.txt'
running build
running build_py
copying ethiopia_travel/navigation.py -> /home/abrham/travel_bot_ws/build/ethiopia_travel/build/lib/ethiopia_travel
running install
running install_lib
copying /home/abrham/travel_bot_ws/build/ethiopia_travel/build/lib/ethiopia_travel/navigation.py -> /home/abrham/travel_bot_ws/install/ethiopia_travel/lib/python3.10/site-packages/ethiopia_travel
byte-compiling /home/abrham/travel_bot_ws/install/ethiopia_travel/lib/python3.10/site-packages/ethiopia_travel/navigation.py to navigation.cpython-310.pyc
running install_data
running install_egg_info
removing '/home/abrham/travel_bot_ws/install/ethiopia_travel/lib/python3.10/site-packages/ethiopia_travel-0.0.0-py3.10.egg-info' (and everything under it)
Copying ../../build/ethiopia_travel/ethiopia_travel.egg-info to /home/abrham/travel_bot_ws/install/ethiopia_travel/lib/python3.10/site-packages/ethiopia_travel-0.0.0-py3.10.egg-info
running install_scripts
Installing navigation script to /home/abrham/travel_bot_ws/install/ethiopia_travel/lib/ethiopia_travel
writing list of installed files to '/home/abrham/travel_bot_ws/build/ethiopia_travel/install.log'
